<?xml version="1.0" encoding="UTF-8"?>
<testng-results ignored="0" total="1" passed="1" failed="0" skipped="0">
  <reporter-output>
  </reporter-output>
  <suite started-at="2023-02-09T09:37:48 CET" name="Default suite" finished-at="2023-02-09T09:38:03 CET" duration-ms="14167">
    <groups>
    </groups>
    <test started-at="2023-02-09T09:37:48 CET" name="Default test" finished-at="2023-02-09T09:38:03 CET" duration-ms="14167">
      <class name="com.inetbanking.testCases.TC_LoginTest_001">
        <test-method is-config="true" signature="setup()[pri:0, instance:com.inetbanking.testCases.TC_LoginTest_001@54bff557]" started-at="2023-02-09T09:37:48 CET" name="setup" finished-at="2023-02-09T09:37:50 CET" duration-ms="1185" status="PASS">
          <reporter-output>
          </reporter-output>
        </test-method> <!-- setup -->
        <test-method signature="loginTest()[pri:0, instance:com.inetbanking.testCases.TC_LoginTest_001@54bff557]" started-at="2023-02-09T09:37:50 CET" name="loginTest" finished-at="2023-02-09T09:38:02 CET" duration-ms="12766" status="PASS">
          <reporter-output>
          </reporter-output>
        </test-method> <!-- loginTest -->
        <test-method is-config="true" signature="tearDown()[pri:0, instance:com.inetbanking.testCases.TC_LoginTest_001@54bff557]" started-at="2023-02-09T09:38:02 CET" name="tearDown" finished-at="2023-02-09T09:38:03 CET" duration-ms="191" status="PASS">
          <reporter-output>
          </reporter-output>
        </test-method> <!-- tearDown -->
      </class> <!-- com.inetbanking.testCases.TC_LoginTest_001 -->
    </test> <!-- Default test -->
  </suite> <!-- Default suite -->
</testng-results>
